app/build/intermediates/manifest_merge_blame_file/ewctDebug/manifest-merger-blame-ewct-debug-report.txt
1<?xml version="1.0" encoding="utf-8"?>
2<manifest xmlns:android="http://schemas.android.com/apk/res/android"
3    package="in.ewct.mobile"
4    android:versionCode="54"
5    android:versionName="1.50" >
6
7    <uses-sdk
8        android:minSdkVersion="21"
8-->src/main/AndroidManifest.xml
9        android:targetSdkVersion="30" />
9-->src/main/AndroidManifest.xml
10
11    <uses-permission android:name="android.permission.CAMERA" />
11-->src/main/AndroidManifest.xml:6:5-65
11-->src/main/AndroidManifest.xml:6:22-62
12    <uses-permission android:name="android.permission.INTERNET" />
12-->src/main/AndroidManifest.xml:7:5-67
12-->src/main/AndroidManifest.xml:7:22-64
13    <uses-permission android:name="android.permission.ACCESS_NETWORK_STATE" />
13-->src/main/AndroidManifest.xml:8:5-79
13-->src/main/AndroidManifest.xml:8:22-76
14    <uses-permission android:name="android.permission.ACCESS_WIFI_STATE" />
14-->src/main/AndroidManifest.xml:9:5-76
14-->src/main/AndroidManifest.xml:9:22-73
15    <uses-permission android:name="android.permission.CALL_PHONE" />
15-->src/main/AndroidManifest.xml:10:5-69
15-->src/main/AndroidManifest.xml:10:22-66
16    <uses-permission android:name="android.permission.READ_EXTERNAL_STORAGE" />
16-->src/main/AndroidManifest.xml:11:5-80
16-->src/main/AndroidManifest.xml:11:22-77
17    <uses-permission android:name="android.permission.WRITE_EXTERNAL_STORAGE" />
17-->src/main/AndroidManifest.xml:12:5-81
17-->src/main/AndroidManifest.xml:12:22-78
18    <uses-permission android:name="android.permission.READ_EXTERNAL_STORAGE" />
18-->src/main/AndroidManifest.xml:11:5-80
18-->src/main/AndroidManifest.xml:11:22-77
19    <uses-permission android:name="android.permission.ACCESS_FINE_LOCATION" />
19-->src/main/AndroidManifest.xml:14:5-79
19-->src/main/AndroidManifest.xml:14:22-76
20    <uses-permission android:name="android.permission.RECEIVE_BOOT_COMPLETED" />
20-->src/main/AndroidManifest.xml:15:5-81
20-->src/main/AndroidManifest.xml:15:22-78
21
22    <uses-feature
22-->src/main/AndroidManifest.xml:17:5-19:36
23        android:name="android.hardware.telephony"
23-->src/main/AndroidManifest.xml:18:9-50
24        android:required="false" />
24-->src/main/AndroidManifest.xml:19:9-33
25
26    <!-- TESTS -->
27    <uses-permission android:name="android.permission.BLUETOOTH_ADMIN" /> <!-- Permission will be merged into the manifest of the hosting app. -->
27-->[com.comapi:foundation:1.2.0] AndroidManifest.xml:31:5-74
27-->[com.comapi:foundation:1.2.0] AndroidManifest.xml:31:22-71
28    <!-- Is required to launch foreground extraction service for targetSdkVersion 28+. -->
29    <uses-permission android:name="android.permission.FOREGROUND_SERVICE" />
29-->[com.google.android.play:core:1.10.3] AndroidManifest.xml:13:5-77
29-->[com.google.android.play:core:1.10.3] AndroidManifest.xml:13:22-74
30    <uses-permission android:name="android.permission.WAKE_LOCK" />
30-->[com.google.firebase:firebase-measurement-connector-impl:16.0.1] AndroidManifest.xml:24:5-68
30-->[com.google.firebase:firebase-measurement-connector-impl:16.0.1] AndroidManifest.xml:24:22-65
31    <uses-permission android:name="com.google.android.finsky.permission.BIND_GET_INSTALL_REFERRER_SERVICE" /> <!-- Required by older versions of Google Play services to create IID tokens -->
31-->[com.google.firebase:firebase-analytics:16.0.1] AndroidManifest.xml:26:5-110
31-->[com.google.firebase:firebase-analytics:16.0.1] AndroidManifest.xml:26:22-107
32    <uses-permission android:name="com.google.android.c2dm.permission.RECEIVE" />
32-->[com.google.firebase:firebase-iid:20.0.2] AndroidManifest.xml:26:5-82
32-->[com.google.firebase:firebase-iid:20.0.2] AndroidManifest.xml:26:22-79
33
34    <application
34-->src/main/AndroidManifest.xml:21:5-95:19
35        android:name="in.yale.mobile.MyApplication"
35-->src/main/AndroidManifest.xml:28:9-38
36        android:allowBackup="true"
36-->src/main/AndroidManifest.xml:22:9-35
37        android:appComponentFactory="androidx.core.app.CoreComponentFactory"
37-->[androidx.core:core:1.7.0] AndroidManifest.xml:24:18-86
38        android:debuggable="true"
39        android:icon="@mipmap/icon"
39-->src/main/AndroidManifest.xml:23:9-36
40        android:label="@string/flavored_app_name"
40-->src/main/AndroidManifest.xml:24:9-50
41        android:roundIcon="@mipmap/icon"
41-->src/main/AndroidManifest.xml:25:9-41
42        android:supportsRtl="true"
42-->src/main/AndroidManifest.xml:26:9-35
43        android:testOnly="true"
44        android:theme="@style/AppTheme"
44-->src/main/AndroidManifest.xml:27:9-40
45        android:usesCleartextTraffic="true" >
45-->src/main/AndroidManifest.xml:29:9-44
46        <meta-data
46-->src/main/AndroidManifest.xml:31:9-33:64
47            android:name="firebase_analytics_collection_enabled"
47-->src/main/AndroidManifest.xml:32:13-65
48            android:value="@bool/FIREBASE_ANALYTICS_ENABLED" />
48-->src/main/AndroidManifest.xml:33:13-61
49        <meta-data
49-->src/main/AndroidManifest.xml:34:9-36:46
50            android:name="com.google.firebase.messaging.default_notification_channel_id"
50-->src/main/AndroidManifest.xml:35:13-89
51            android:value="latest_product" />
51-->src/main/AndroidManifest.xml:36:13-43
52
53        <activity
53-->src/main/AndroidManifest.xml:37:9-41:59
54            android:name="in.yale.mobile.MainActivity"
54-->src/main/AndroidManifest.xml:38:13-41
55            android:configChanges="orientation|screenSize"
55-->src/main/AndroidManifest.xml:39:13-59
56            android:label="@string/flavored_app_name"
56-->src/main/AndroidManifest.xml:40:13-54
57            android:theme="@style/AppTheme.NoActionBar" />
57-->src/main/AndroidManifest.xml:41:13-56
58        <activity
58-->src/main/AndroidManifest.xml:42:9-44:62
59            android:name="in.yale.mobile.ActivityList"
59-->src/main/AndroidManifest.xml:43:13-41
60            android:configChanges="orientation|screenSize" />
60-->src/main/AndroidManifest.xml:44:13-59
61        <activity
61-->src/main/AndroidManifest.xml:45:9-47:62
62            android:name="in.yale.mobile.ActivityShopBrand"
62-->src/main/AndroidManifest.xml:46:13-46
63            android:configChanges="orientation|screenSize" />
63-->src/main/AndroidManifest.xml:47:13-59
64        <activity
64-->src/main/AndroidManifest.xml:49:9-51:59
65            android:name="in.yale.mobile.Barcode"
65-->src/main/AndroidManifest.xml:50:13-36
66            android:theme="@style/AppTheme.NoActionBar" />
66-->src/main/AndroidManifest.xml:51:13-56
67        <activity
67-->src/main/AndroidManifest.xml:52:9-55:67
68            android:name="in.yale.mobile.ScannerItemActivity"
68-->src/main/AndroidManifest.xml:53:13-48
69            android:configChanges="orientation|screenSize"
69-->src/main/AndroidManifest.xml:54:13-59
70            android:windowSoftInputMode="stateHidden|adjustPan" />
70-->src/main/AndroidManifest.xml:55:13-64
71        <activity android:name="in.yale.mobile.SubmitPhoto" />
71-->src/main/AndroidManifest.xml:56:9-49
71-->src/main/AndroidManifest.xml:56:19-46
72        <activity android:name="in.yale.mobile.SplashScreen" >
72-->src/main/AndroidManifest.xml:57:9-63:20
72-->src/main/AndroidManifest.xml:57:19-47
73            <intent-filter>
73-->src/main/AndroidManifest.xml:58:13-62:29
74                <action android:name="android.intent.action.MAIN" />
74-->src/main/AndroidManifest.xml:59:17-69
74-->src/main/AndroidManifest.xml:59:25-66
75
76                <category android:name="android.intent.category.LAUNCHER" />
76-->src/main/AndroidManifest.xml:61:17-77
76-->src/main/AndroidManifest.xml:61:27-74
77            </intent-filter>
78        </activity>
79
80        <provider
80-->src/main/AndroidManifest.xml:65:9-73:20
81            android:name="androidx.core.content.FileProvider"
81-->src/main/AndroidManifest.xml:66:13-62
82            android:authorities="@string/flavored_authorities_name"
82-->src/main/AndroidManifest.xml:67:13-68
83            android:exported="false"
83-->src/main/AndroidManifest.xml:68:13-37
84            android:grantUriPermissions="true" >
84-->src/main/AndroidManifest.xml:69:13-47
85            <meta-data
85-->src/main/AndroidManifest.xml:70:13-72:54
86                android:name="android.support.FILE_PROVIDER_PATHS"
86-->src/main/AndroidManifest.xml:71:17-67
87                android:resource="@xml/file_paths" />
87-->src/main/AndroidManifest.xml:72:17-51
88        </provider>
89
90        <activity android:name="in.yale.mobile.ActivityShopList" />
90-->src/main/AndroidManifest.xml:75:9-54
90-->src/main/AndroidManifest.xml:75:19-51
91        <activity
91-->src/main/AndroidManifest.xml:76:9-81:57
92            android:name="com.gun0912.tedpermission.TedPermissionActivity"
92-->src/main/AndroidManifest.xml:77:13-75
93            android:configChanges="mcc|mnc|locale|keyboard|keyboardHidden|screenLayout|fontScale|uiMode|orientation|screenSize|layoutDirection"
93-->src/main/AndroidManifest.xml:78:13-144
94            android:screenOrientation="unspecified"
94-->src/main/AndroidManifest.xml:79:13-52
95            android:theme="@style/Theme.Transparent.Permission" />
95-->src/main/AndroidManifest.xml:80:13-64
96
97        <service
97-->src/main/AndroidManifest.xml:82:9-86:19
98            android:name="in.yale.mobile.MyNotificationPublisher"
98-->src/main/AndroidManifest.xml:83:13-54
99            android:enabled="true"
99-->src/main/AndroidManifest.xml:84:13-37
100            android:exported="true" >
100-->src/main/AndroidManifest.xml:85:13-38
101        </service>
102        <service
102-->src/main/AndroidManifest.xml:87:9-93:19
103            android:name="in.yale.mobile.FirebaseMessageService"
103-->src/main/AndroidManifest.xml:88:13-51
104            android:exported="false" >
104-->src/main/AndroidManifest.xml:89:13-37
105            <intent-filter>
105-->src/main/AndroidManifest.xml:90:13-92:29
106                <action android:name="com.google.firebase.MESSAGING_EVENT" />
106-->src/main/AndroidManifest.xml:91:17-78
106-->src/main/AndroidManifest.xml:91:25-75
107            </intent-filter>
108        </service>
109        <service
109-->[com.google.firebase:firebase-crashlytics:18.2.7] AndroidManifest.xml:15:9-21:19
110            android:name="com.google.firebase.components.ComponentDiscoveryService"
110-->[com.google.firebase:firebase-crashlytics:18.2.7] AndroidManifest.xml:16:13-84
111            android:directBootAware="true"
111-->[com.google.firebase:firebase-common:20.0.0] AndroidManifest.xml:35:13-43
112            android:exported="false" >
112-->[com.google.firebase:firebase-crashlytics:18.2.7] AndroidManifest.xml:17:13-37
113            <meta-data
113-->[com.google.firebase:firebase-crashlytics:18.2.7] AndroidManifest.xml:18:13-20:85
114                android:name="com.google.firebase.components:com.google.firebase.crashlytics.CrashlyticsRegistrar"
114-->[com.google.firebase:firebase-crashlytics:18.2.7] AndroidManifest.xml:19:17-115
115                android:value="com.google.firebase.components.ComponentRegistrar" />
115-->[com.google.firebase:firebase-crashlytics:18.2.7] AndroidManifest.xml:20:17-82
116            <meta-data
116-->[com.google.firebase:firebase-perf:20.0.4] AndroidManifest.xml:23:13-25:85
117                android:name="com.google.firebase.components:com.google.firebase.perf.FirebasePerfRegistrar"
117-->[com.google.firebase:firebase-perf:20.0.4] AndroidManifest.xml:24:17-109
118                android:value="com.google.firebase.components.ComponentRegistrar" />
118-->[com.google.firebase:firebase-perf:20.0.4] AndroidManifest.xml:25:17-82
119            <meta-data
119-->[com.google.firebase:firebase-messaging:20.1.0] AndroidManifest.xml:38:13-40:85
120                android:name="com.google.firebase.components:com.google.firebase.messaging.FirebaseMessagingRegistrar"
120-->[com.google.firebase:firebase-messaging:20.1.0] AndroidManifest.xml:39:17-119
121                android:value="com.google.firebase.components.ComponentRegistrar" />
121-->[com.google.firebase:firebase-messaging:20.1.0] AndroidManifest.xml:40:17-82
122            <meta-data
122-->[com.google.firebase:firebase-measurement-connector-impl:16.0.1] AndroidManifest.xml:28:13-30:85
123                android:name="com.google.firebase.components:com.google.firebase.analytics.connector.internal.AnalyticsConnectorRegistrar"
123-->[com.google.firebase:firebase-measurement-connector-impl:16.0.1] AndroidManifest.xml:29:17-139
124                android:value="com.google.firebase.components.ComponentRegistrar" />
124-->[com.google.firebase:firebase-measurement-connector-impl:16.0.1] AndroidManifest.xml:30:17-82
125            <meta-data
125-->[com.google.firebase:firebase-datatransport:18.1.1] AndroidManifest.xml:28:13-30:85
126                android:name="com.google.firebase.components:com.google.firebase.datatransport.TransportRegistrar"
126-->[com.google.firebase:firebase-datatransport:18.1.1] AndroidManifest.xml:29:17-115
127                android:value="com.google.firebase.components.ComponentRegistrar" />
127-->[com.google.firebase:firebase-datatransport:18.1.1] AndroidManifest.xml:30:17-82
128            <meta-data
128-->[com.google.firebase:firebase-config:21.0.1] AndroidManifest.xml:32:13-34:85
129                android:name="com.google.firebase.components:com.google.firebase.remoteconfig.RemoteConfigRegistrar"
129-->[com.google.firebase:firebase-config:21.0.1] AndroidManifest.xml:33:17-117
130                android:value="com.google.firebase.components.ComponentRegistrar" />
130-->[com.google.firebase:firebase-config:21.0.1] AndroidManifest.xml:34:17-82
131            <meta-data
131-->[com.google.firebase:firebase-installations:17.0.0] AndroidManifest.xml:18:13-20:85
132                android:name="com.google.firebase.components:com.google.firebase.installations.FirebaseInstallationsRegistrar"
132-->[com.google.firebase:firebase-installations:17.0.0] AndroidManifest.xml:19:17-127
133                android:value="com.google.firebase.components.ComponentRegistrar" />
133-->[com.google.firebase:firebase-installations:17.0.0] AndroidManifest.xml:20:17-82
134            <meta-data
134-->[com.google.firebase:firebase-iid:20.0.2] AndroidManifest.xml:32:13-34:85
135                android:name="com.google.firebase.components:com.google.firebase.iid.Registrar"
135-->[com.google.firebase:firebase-iid:20.0.2] AndroidManifest.xml:33:17-96
136                android:value="com.google.firebase.components.ComponentRegistrar" />
136-->[com.google.firebase:firebase-iid:20.0.2] AndroidManifest.xml:34:17-82
137            <meta-data
137-->[com.google.firebase:firebase-abt:21.0.0] AndroidManifest.xml:13:13-15:85
138                android:name="com.google.firebase.components:com.google.firebase.abt.component.AbtRegistrar"
138-->[com.google.firebase:firebase-abt:21.0.0] AndroidManifest.xml:14:17-109
139                android:value="com.google.firebase.components.ComponentRegistrar" />
139-->[com.google.firebase:firebase-abt:21.0.0] AndroidManifest.xml:15:17-82
140        </service>
141
142        <provider
142-->[com.google.firebase:firebase-perf:20.0.4] AndroidManifest.xml:14:9-18:39
143            android:name="com.google.firebase.perf.provider.FirebasePerfProvider"
143-->[com.google.firebase:firebase-perf:20.0.4] AndroidManifest.xml:15:13-82
144            android:authorities="in.ewct.mobile.firebaseperfprovider"
144-->[com.google.firebase:firebase-perf:20.0.4] AndroidManifest.xml:16:13-72
145            android:exported="false"
145-->[com.google.firebase:firebase-perf:20.0.4] AndroidManifest.xml:17:13-37
146            android:initOrder="101" /> <!-- Broadcast receiver for boot completed broadcasts to resume work after device restart. -->
146-->[com.google.firebase:firebase-perf:20.0.4] AndroidManifest.xml:18:13-36
147        <receiver
147-->[com.comapi:foundation:1.2.0] AndroidManifest.xml:44:9-53:20
148            android:name="com.comapi.internal.receivers.BootCompletedReceiver"
148-->[com.comapi:foundation:1.2.0] AndroidManifest.xml:45:13-79
149            android:exported="true"
149-->[com.comapi:foundation:1.2.0] AndroidManifest.xml:46:13-36
150            android:permission="android.permission.RECEIVE_BOOT_COMPLETED" >
150-->[com.comapi:foundation:1.2.0] AndroidManifest.xml:47:13-75
151            <intent-filter>
151-->[com.comapi:foundation:1.2.0] AndroidManifest.xml:48:13-52:29
152                <action android:name="android.intent.action.BOOT_COMPLETED" />
152-->[com.comapi:foundation:1.2.0] AndroidManifest.xml:49:17-79
152-->[com.comapi:foundation:1.2.0] AndroidManifest.xml:49:25-76
153
154                <category android:name="android.intent.category.DEFAULT" />
154-->[com.comapi:foundation:1.2.0] AndroidManifest.xml:51:17-76
154-->[com.comapi:foundation:1.2.0] AndroidManifest.xml:51:27-73
155            </intent-filter>
156        </receiver> <!-- Service to handle Instance ID service token refresh notifications for FCM security. -->
157        <service
157-->[com.comapi:foundation:1.2.0] AndroidManifest.xml:56:9-62:19
158            android:name="com.comapi.internal.push.IDService"
158-->[com.comapi:foundation:1.2.0] AndroidManifest.xml:57:13-62
159            android:exported="false" >
159-->[com.comapi:foundation:1.2.0] AndroidManifest.xml:58:13-37
160            <intent-filter>
160-->[com.comapi:foundation:1.2.0] AndroidManifest.xml:59:13-61:29
161                <action android:name="com.google.firebase.INSTANCE_ID_EVENT" />
161-->[com.comapi:foundation:1.2.0] AndroidManifest.xml:60:17-80
161-->[com.comapi:foundation:1.2.0] AndroidManifest.xml:60:25-77
162            </intent-filter>
163        </service>
164        <service
164-->[com.comapi:foundation:1.2.0] AndroidManifest.xml:63:9-69:19
165            android:name="com.comapi.internal.push.PushService"
165-->[com.comapi:foundation:1.2.0] AndroidManifest.xml:64:13-64
166            android:exported="false" >
166-->[com.comapi:foundation:1.2.0] AndroidManifest.xml:65:13-37
167            <intent-filter>
167-->src/main/AndroidManifest.xml:90:13-92:29
168                <action android:name="com.google.firebase.MESSAGING_EVENT" />
168-->src/main/AndroidManifest.xml:91:17-78
168-->src/main/AndroidManifest.xml:91:25-75
169            </intent-filter>
170        </service>
171
172        <meta-data
172-->[com.comapi:foundation:1.2.0] AndroidManifest.xml:71:9-73:69
173            android:name="com.google.android.gms.version"
173-->[com.comapi:foundation:1.2.0] AndroidManifest.xml:72:13-58
174            android:value="@integer/google_play_services_version" /> <!-- The activities will be merged into the manifest of the hosting app. -->
174-->[com.comapi:foundation:1.2.0] AndroidManifest.xml:73:13-66
175        <activity
175-->[com.google.android.play:core:1.10.3] AndroidManifest.xml:18:9-24:45
176            android:name="com.google.android.play.core.missingsplits.PlayCoreMissingSplitsActivity"
176-->[com.google.android.play:core:1.10.3] AndroidManifest.xml:19:13-100
177            android:enabled="false"
177-->[com.google.android.play:core:1.10.3] AndroidManifest.xml:20:13-36
178            android:exported="false"
178-->[com.google.android.play:core:1.10.3] AndroidManifest.xml:21:13-37
179            android:launchMode="singleInstance"
179-->[com.google.android.play:core:1.10.3] AndroidManifest.xml:22:13-48
180            android:process=":playcore_missing_splits_activity"
180-->[com.google.android.play:core:1.10.3] AndroidManifest.xml:23:13-64
181            android:stateNotNeeded="true" />
181-->[com.google.android.play:core:1.10.3] AndroidManifest.xml:24:13-42
182        <activity
182-->[com.google.android.play:core:1.10.3] AndroidManifest.xml:25:9-29:65
183            android:name="com.google.android.play.core.common.PlayCoreDialogWrapperActivity"
183-->[com.google.android.play:core:1.10.3] AndroidManifest.xml:26:13-93
184            android:exported="false"
184-->[com.google.android.play:core:1.10.3] AndroidManifest.xml:27:13-37
185            android:stateNotNeeded="true"
185-->[com.google.android.play:core:1.10.3] AndroidManifest.xml:28:13-42
186            android:theme="@style/Theme.PlayCore.Transparent" /> <!-- The services will be merged into the manifest of the hosting app. -->
186-->[com.google.android.play:core:1.10.3] AndroidManifest.xml:29:13-62
187        <service
187-->[com.google.android.play:core:1.10.3] AndroidManifest.xml:32:9-39:19
188            android:name="com.google.android.play.core.assetpacks.AssetPackExtractionService"
188-->[com.google.android.play:core:1.10.3] AndroidManifest.xml:33:13-94
189            android:enabled="false"
189-->[com.google.android.play:core:1.10.3] AndroidManifest.xml:34:13-36
190            android:exported="true" >
190-->[com.google.android.play:core:1.10.3] AndroidManifest.xml:35:13-36
191            <meta-data
191-->[com.google.android.play:core:1.10.3] AndroidManifest.xml:36:13-38:41
192                android:name="com.google.android.play.core.assetpacks.versionCode"
192-->[com.google.android.play:core:1.10.3] AndroidManifest.xml:37:17-83
193                android:value="11003" />
193-->[com.google.android.play:core:1.10.3] AndroidManifest.xml:38:17-38
194        </service>
195        <service
195-->[com.google.android.play:core:1.10.3] AndroidManifest.xml:40:9-43:40
196            android:name="com.google.android.play.core.assetpacks.ExtractionForegroundService"
196-->[com.google.android.play:core:1.10.3] AndroidManifest.xml:41:13-95
197            android:enabled="false"
197-->[com.google.android.play:core:1.10.3] AndroidManifest.xml:42:13-36
198            android:exported="false" />
198-->[com.google.android.play:core:1.10.3] AndroidManifest.xml:43:13-37
199        <!--
200             FirebaseMessagingService performs security checks at runtime,
201             but set to not exported to explicitly avoid allowing another app to call it.
202        -->
203        <service
203-->[com.google.firebase:firebase-messaging:20.1.0] AndroidManifest.xml:28:9-34:19
204            android:name="com.google.firebase.messaging.FirebaseMessagingService"
204-->[com.google.firebase:firebase-messaging:20.1.0] AndroidManifest.xml:29:13-82
205            android:exported="false" >
205-->[com.google.firebase:firebase-messaging:20.1.0] AndroidManifest.xml:30:13-37
206            <intent-filter android:priority="-500" >
206-->src/main/AndroidManifest.xml:90:13-92:29
207                <action android:name="com.google.firebase.MESSAGING_EVENT" />
207-->src/main/AndroidManifest.xml:91:17-78
207-->src/main/AndroidManifest.xml:91:25-75
208            </intent-filter>
209        </service>
210
211        <receiver
211-->[com.google.firebase:firebase-analytics:16.0.1] AndroidManifest.xml:29:9-33:20
212            android:name="com.google.android.gms.measurement.AppMeasurementReceiver"
212-->[com.google.firebase:firebase-analytics:16.0.1] AndroidManifest.xml:30:13-85
213            android:enabled="true"
213-->[com.google.firebase:firebase-analytics:16.0.1] AndroidManifest.xml:31:13-35
214            android:exported="false" >
214-->[com.google.firebase:firebase-analytics:16.0.1] AndroidManifest.xml:32:13-37
215        </receiver>
216        <receiver
216-->[com.google.firebase:firebase-analytics:16.0.1] AndroidManifest.xml:34:9-42:20
217            android:name="com.google.android.gms.measurement.AppMeasurementInstallReferrerReceiver"
217-->[com.google.firebase:firebase-analytics:16.0.1] AndroidManifest.xml:35:13-100
218            android:enabled="true"
218-->[com.google.firebase:firebase-analytics:16.0.1] AndroidManifest.xml:36:13-35
219            android:exported="true"
219-->[com.google.firebase:firebase-analytics:16.0.1] AndroidManifest.xml:37:13-36
220            android:permission="android.permission.INSTALL_PACKAGES" >
220-->[com.google.firebase:firebase-analytics:16.0.1] AndroidManifest.xml:38:13-69
221            <intent-filter>
221-->[com.google.firebase:firebase-analytics:16.0.1] AndroidManifest.xml:39:13-41:29
222                <action android:name="com.android.vending.INSTALL_REFERRER" />
222-->[com.google.firebase:firebase-analytics:16.0.1] AndroidManifest.xml:40:17-79
222-->[com.google.firebase:firebase-analytics:16.0.1] AndroidManifest.xml:40:25-76
223            </intent-filter>
224        </receiver>
225
226        <service
226-->[com.google.firebase:firebase-analytics:16.0.1] AndroidManifest.xml:44:9-47:40
227            android:name="com.google.android.gms.measurement.AppMeasurementService"
227-->[com.google.firebase:firebase-analytics:16.0.1] AndroidManifest.xml:45:13-84
228            android:enabled="true"
228-->[com.google.firebase:firebase-analytics:16.0.1] AndroidManifest.xml:46:13-35
229            android:exported="false" />
229-->[com.google.firebase:firebase-analytics:16.0.1] AndroidManifest.xml:47:13-37
230        <service
230-->[com.google.firebase:firebase-analytics:16.0.1] AndroidManifest.xml:48:9-52:72
231            android:name="com.google.android.gms.measurement.AppMeasurementJobService"
231-->[com.google.firebase:firebase-analytics:16.0.1] AndroidManifest.xml:49:13-87
232            android:enabled="true"
232-->[com.google.firebase:firebase-analytics:16.0.1] AndroidManifest.xml:50:13-35
233            android:exported="false"
233-->[com.google.firebase:firebase-analytics:16.0.1] AndroidManifest.xml:51:13-37
234            android:permission="android.permission.BIND_JOB_SERVICE" />
234-->[com.google.firebase:firebase-analytics:16.0.1] AndroidManifest.xml:52:13-69
235        <service
235-->[com.google.android.datatransport:transport-backend-cct:3.1.1] AndroidManifest.xml:29:9-35:19
236            android:name="com.google.android.datatransport.runtime.backends.TransportBackendDiscovery"
236-->[com.google.android.datatransport:transport-backend-cct:3.1.1] AndroidManifest.xml:30:13-103
237            android:exported="false" >
237-->[com.google.android.datatransport:transport-backend-cct:3.1.1] AndroidManifest.xml:31:13-37
238            <meta-data
238-->[com.google.android.datatransport:transport-backend-cct:3.1.1] AndroidManifest.xml:32:13-34:39
239                android:name="backend:com.google.android.datatransport.cct.CctBackendFactory"
239-->[com.google.android.datatransport:transport-backend-cct:3.1.1] AndroidManifest.xml:33:17-94
240                android:value="cct" />
240-->[com.google.android.datatransport:transport-backend-cct:3.1.1] AndroidManifest.xml:34:17-36
241        </service>
242        <service
242-->[com.google.android.datatransport:transport-runtime:3.1.1] AndroidManifest.xml:26:9-30:19
243            android:name="com.google.android.datatransport.runtime.scheduling.jobscheduling.JobInfoSchedulerService"
243-->[com.google.android.datatransport:transport-runtime:3.1.1] AndroidManifest.xml:27:13-117
244            android:exported="false"
244-->[com.google.android.datatransport:transport-runtime:3.1.1] AndroidManifest.xml:28:13-37
245            android:permission="android.permission.BIND_JOB_SERVICE" >
245-->[com.google.android.datatransport:transport-runtime:3.1.1] AndroidManifest.xml:29:13-69
246        </service>
247
248        <receiver
248-->[com.google.android.datatransport:transport-runtime:3.1.1] AndroidManifest.xml:32:9-34:40
249            android:name="com.google.android.datatransport.runtime.scheduling.jobscheduling.AlarmManagerSchedulerBroadcastReceiver"
249-->[com.google.android.datatransport:transport-runtime:3.1.1] AndroidManifest.xml:33:13-132
250            android:exported="false" />
250-->[com.google.android.datatransport:transport-runtime:3.1.1] AndroidManifest.xml:34:13-37
251        <receiver
251-->[com.google.firebase:firebase-iid:20.0.2] AndroidManifest.xml:37:9-44:20
252            android:name="com.google.firebase.iid.FirebaseInstanceIdReceiver"
252-->[com.google.firebase:firebase-iid:20.0.2] AndroidManifest.xml:38:13-78
253            android:exported="true"
253-->[com.google.firebase:firebase-iid:20.0.2] AndroidManifest.xml:39:13-36
254            android:permission="com.google.android.c2dm.permission.SEND" >
254-->[com.google.firebase:firebase-iid:20.0.2] AndroidManifest.xml:40:13-73
255            <intent-filter>
255-->[com.google.firebase:firebase-iid:20.0.2] AndroidManifest.xml:41:13-43:29
256                <action android:name="com.google.android.c2dm.intent.RECEIVE" />
256-->[com.google.firebase:firebase-iid:20.0.2] AndroidManifest.xml:42:17-81
256-->[com.google.firebase:firebase-iid:20.0.2] AndroidManifest.xml:42:25-78
257            </intent-filter>
258        </receiver>
259
260        <provider
260-->[com.google.firebase:firebase-common:20.0.0] AndroidManifest.xml:26:9-31:39
261            android:name="com.google.firebase.provider.FirebaseInitProvider"
261-->[com.google.firebase:firebase-common:20.0.0] AndroidManifest.xml:27:13-77
262            android:authorities="in.ewct.mobile.firebaseinitprovider"
262-->[com.google.firebase:firebase-common:20.0.0] AndroidManifest.xml:28:13-72
263            android:directBootAware="true"
263-->[com.google.firebase:firebase-common:20.0.0] AndroidManifest.xml:29:13-43
264            android:exported="false"
264-->[com.google.firebase:firebase-common:20.0.0] AndroidManifest.xml:30:13-37
265            android:initOrder="100" />
265-->[com.google.firebase:firebase-common:20.0.0] AndroidManifest.xml:31:13-36
266
267        <activity
267-->[com.google.android.gms:play-services-base:17.0.0] AndroidManifest.xml:23:9-26:75
268            android:name="com.google.android.gms.common.api.GoogleApiActivity"
268-->[com.google.android.gms:play-services-base:17.0.0] AndroidManifest.xml:24:13-79
269            android:exported="false"
269-->[com.google.android.gms:play-services-base:17.0.0] AndroidManifest.xml:25:13-37
270            android:theme="@android:style/Theme.Translucent.NoTitleBar" />
270-->[com.google.android.gms:play-services-base:17.0.0] AndroidManifest.xml:26:13-72
271
272        <provider
272-->[androidx.emoji2:emoji2:1.0.0] AndroidManifest.xml:26:9-34:20